<?xml version="1.0" encoding="UTF-8"?>
<!-- Generated by org.testng.reporters.JUnitReportReporter -->
<testsuite skipped="0" hostname="LAPTOP-UBTV11J8" name="com.nopcommerce.common.tests.DisplayTopMenu" tests="1" failures="0" timestamp="16 May 2018 17:18:56 GMT" time="0.485" errors="0">
  <testcase name="DisplaytopMenu" time="0.485" classname="com.nopcommerce.common.tests.DisplayTopMenu"/>
</testsuite> <!-- com.nopcommerce.common.tests.DisplayTopMenu -->
