<?xml version="1.0" encoding="UTF-8"?>
<!-- Generated by org.testng.reporters.JUnitReportReporter -->
<testsuite skipped="0" hostname="LAPTOP-UBTV11J8" name="com.nopcommerce.common.tests.LogInTest" tests="1" failures="0" timestamp="06 May 2018 21:04:17 GMT" time="8.746" errors="0">
  <testcase name="verifyLogInFunction" time="8.746" classname="com.nopcommerce.common.tests.LogInTest"/>
</testsuite> <!-- com.nopcommerce.common.tests.LogInTest -->
